\\BANNER.MAIN.AD.RIT.EDU\STUDENTS\GMB9280\IGMPROFILE\DESKTOP\GITHUB\GIRLMONOPOLY\PROJECT\_DELETE\SOLUTION\DEBUG\CARD.OBJ
\\BANNER.MAIN.AD.RIT.EDU\STUDENTS\GMB9280\IGMPROFILE\DESKTOP\GITHUB\GIRLMONOPOLY\PROJECT\_DELETE\SOLUTION\DEBUG\VC110.PDB
\\BANNER.MAIN.AD.RIT.EDU\STUDENTS\GMB9280\IGMPROFILE\DESKTOP\GITHUB\GIRLMONOPOLY\PROJECT\_DELETE\SOLUTION\DEBUG\MAIN.OBJ
\\BANNER.MAIN.AD.RIT.EDU\STUDENTS\GMB9280\IGMPROFILE\DESKTOP\GITHUB\GIRLMONOPOLY\PROJECT\_DELETE\SOLUTION\DEBUG\DECK.OBJ
\\BANNER.MAIN.AD.RIT.EDU\STUDENTS\GMB9280\IGMPROFILE\DESKTOP\GITHUB\GIRLMONOPOLY\PROJECT\_DELETE\SOLUTION\DEBUG\ICON.RES
\\BANNER.MAIN.AD.RIT.EDU\STUDENTS\GMB9280\IGMPROFILE\DESKTOP\GITHUB\GIRLMONOPOLY\PROJECT\_DELETE\PROJECT_D.ILK
\\BANNER.MAIN.AD.RIT.EDU\STUDENTS\GMB9280\IGMPROFILE\DESKTOP\GITHUB\GIRLMONOPOLY\PROJECT\_DELETE\PROJECT_D.EXE
\\BANNER.MAIN.AD.RIT.EDU\STUDENTS\GMB9280\IGMPROFILE\DESKTOP\GITHUB\GIRLMONOPOLY\PROJECT\_DELETE\PROJECT_D.PDB
\\banner.main.ad.rit.edu\students\gmb9280\IGMProfile\Desktop\GitHub\girlmonopoly\Project\_DELETE\Solution\Debug\Card.obj
\\banner.main.ad.rit.edu\students\gmb9280\IGMProfile\Desktop\GitHub\girlmonopoly\Project\_DELETE\Solution\Debug\Deck.obj
\\banner.main.ad.rit.edu\students\gmb9280\IGMProfile\Desktop\GitHub\girlmonopoly\Project\_DELETE\Solution\Debug\Main.obj
\\banner.main.ad.rit.edu\students\gmb9280\IGMProfile\Desktop\GitHub\girlmonopoly\Project\_DELETE\Solution\Debug\CL.read.1.tlog
\\banner.main.ad.rit.edu\students\gmb9280\IGMProfile\Desktop\GitHub\girlmonopoly\Project\_DELETE\Solution\Debug\CL.write.1.tlog
\\banner.main.ad.rit.edu\students\gmb9280\IGMProfile\Desktop\GitHub\girlmonopoly\Project\_DELETE\Solution\Debug\cl.command.1.tlog
\\banner.main.ad.rit.edu\students\gmb9280\IGMProfile\Desktop\GitHub\girlmonopoly\Project\_DELETE\Solution\Debug\rc.read.1.tlog
\\banner.main.ad.rit.edu\students\gmb9280\IGMProfile\Desktop\GitHub\girlmonopoly\Project\_DELETE\Solution\Debug\rc.write.1.tlog
\\banner.main.ad.rit.edu\students\gmb9280\IGMProfile\Desktop\GitHub\girlmonopoly\Project\_DELETE\Solution\Debug\rc.command.1.tlog
\\banner.main.ad.rit.edu\students\gmb9280\IGMProfile\Desktop\GitHub\girlmonopoly\Project\_DELETE\Solution\Debug\link-rc.read.1.tlog
\\banner.main.ad.rit.edu\students\gmb9280\IGMProfile\Desktop\GitHub\girlmonopoly\Project\_DELETE\Solution\Debug\link-rc.write.1.tlog
\\banner.main.ad.rit.edu\students\gmb9280\IGMProfile\Desktop\GitHub\girlmonopoly\Project\_DELETE\Solution\Debug\link-cvtres.read.1.tlog
\\banner.main.ad.rit.edu\students\gmb9280\IGMProfile\Desktop\GitHub\girlmonopoly\Project\_DELETE\Solution\Debug\link-cvtres.write.1.tlog
\\banner.main.ad.rit.edu\students\gmb9280\IGMProfile\Desktop\GitHub\girlmonopoly\Project\_DELETE\Solution\Debug\link.read.1.tlog
\\banner.main.ad.rit.edu\students\gmb9280\IGMProfile\Desktop\GitHub\girlmonopoly\Project\_DELETE\Solution\Debug\link.write.1.tlog
\\banner.main.ad.rit.edu\students\gmb9280\IGMProfile\Desktop\GitHub\girlmonopoly\Project\_DELETE\Solution\Debug\link.command.1.tlog
\\banner.main.ad.rit.edu\students\gmb9280\IGMProfile\Desktop\GitHub\girlmonopoly\Project\_DELETE\Solution\Debug\link.5228-rc.read.1.tlog
\\banner.main.ad.rit.edu\students\gmb9280\IGMProfile\Desktop\GitHub\girlmonopoly\Project\_DELETE\Solution\Debug\link.5228-rc.write.1.tlog
\\banner.main.ad.rit.edu\students\gmb9280\IGMProfile\Desktop\GitHub\girlmonopoly\Project\_DELETE\Solution\Debug\link.5228-cvtres.read.1.tlog
\\banner.main.ad.rit.edu\students\gmb9280\IGMProfile\Desktop\GitHub\girlmonopoly\Project\_DELETE\Solution\Debug\link.5228-cvtres.write.1.tlog
\\banner.main.ad.rit.edu\students\gmb9280\IGMProfile\Desktop\GitHub\girlmonopoly\Project\_DELETE\Solution\Debug\link.5228.read.1.tlog
\\banner.main.ad.rit.edu\students\gmb9280\IGMProfile\Desktop\GitHub\girlmonopoly\Project\_DELETE\Solution\Debug\link.5228.write.1.tlog
\\banner.main.ad.rit.edu\students\gmb9280\IGMProfile\Desktop\GitHub\girlmonopoly\Project\_DELETE\Solution\Debug\ICON.res
\\banner.main.ad.rit.edu\students\gmb9280\IGMProfile\Desktop\GitHub\girlmonopoly\Project\_DELETE\Solution\Debug\vc110.idb
\\banner.main.ad.rit.edu\students\gmb9280\IGMProfile\Desktop\GitHub\girlmonopoly\Project\_DELETE\Solution\Debug\vc110.pdb
\\banner.main.ad.rit.edu\students\gmb9280\IGMProfile\Desktop\GitHub\girlmonopoly\Project\_DELETE\Project_d.pdb
\\banner.main.ad.rit.edu\students\gmb9280\IGMProfile\Desktop\GitHub\girlmonopoly\Project\_DELETE\Project_d.exe
\\banner.main.ad.rit.edu\students\gmb9280\IGMProfile\Desktop\GitHub\girlmonopoly\Project\_DELETE\Project_d.ilk
