Build started 11/4/2013 2:55:44 PM.
     1>Project "\\banner.main.ad.rit.edu\students\gmb9280\IGMProfile\Desktop\GitHub\girlmonopoly\Project\Solution\Solution.vcxproj" on node 2 (Build target(s)).
     1>ClCompile:
         C:\Program Files (x86)\Microsoft Visual Studio 11.0\VC\bin\CL.exe /c /I\\banner.main.ad.rit.edu\students\gmb9280\IGMProfile\Desktop\GitHub\girlmonopoly\Project\include /ZI /nologo /W3 /WX- /Od /Oy- /D DEBUG /D _MBCS /D _MBCS /Gm /EHsc /RTC1 /MDd /GS /fp:precise /Zc:wchar_t /Zc:forScope /Fo"\\banner.main.ad.rit.edu\students\gmb9280\IGMProfile\Desktop\GitHub\girlmonopoly\Project\_DELETE\Solution\Debug\\" /Fd"\\banner.main.ad.rit.edu\students\gmb9280\IGMProfile\Desktop\GitHub\girlmonopoly\Project\_DELETE\Solution\Debug\vc110.pdb" /Gd /TP /analyze- /errorReport:prompt Card.cpp Deck.cpp Main.cpp
         Main.cpp
         Deck.cpp
         Card.cpp
         Generating Code...
       ResourceCompile:
         C:\Program Files (x86)\Windows Kits\8.0\bin\x86\rc.exe /l"0x0409" /nologo /fo"\\banner.main.ad.rit.edu\students\gmb9280\IGMProfile\Desktop\GitHub\girlmonopoly\Project\_DELETE\Solution\Debug\ICON.res" ..\res\ICON.rc 
       Link:
         C:\Program Files (x86)\Microsoft Visual Studio 11.0\VC\bin\link.exe /ERRORREPORT:PROMPT /OUT:"\\banner.main.ad.rit.edu\students\gmb9280\IGMProfile\Desktop\GitHub\girlmonopoly\Project\_DELETE\Project_d.exe" /INCREMENTAL /NOLOGO kernel32.lib user32.lib gdi32.lib winspool.lib comdlg32.lib advapi32.lib shell32.lib ole32.lib oleaut32.lib uuid.lib odbc32.lib odbccp32.lib /MANIFEST /MANIFESTUAC:"level='asInvoker' uiAccess='false'" /manifest:embed /DEBUG /PDB:"\\banner.main.ad.rit.edu\students\gmb9280\IGMProfile\Desktop\GitHub\girlmonopoly\Project\_DELETE\Project_d.pdb" /TLBID:1 /DYNAMICBASE /NXCOMPAT /IMPLIB:"\\banner.main.ad.rit.edu\students\gmb9280\IGMProfile\Desktop\GitHub\girlmonopoly\Project\_DELETE\Project_d.lib" /MACHINE:X86 \\banner.main.ad.rit.edu\students\gmb9280\IGMProfile\Desktop\GitHub\girlmonopoly\Project\_DELETE\Solution\Debug\ICON.res
         \\banner.main.ad.rit.edu\students\gmb9280\IGMProfile\Desktop\GitHub\girlmonopoly\Project\_DELETE\Solution\Debug\Card.obj
         \\banner.main.ad.rit.edu\students\gmb9280\IGMProfile\Desktop\GitHub\girlmonopoly\Project\_DELETE\Solution\Debug\Deck.obj
         \\banner.main.ad.rit.edu\students\gmb9280\IGMProfile\Desktop\GitHub\girlmonopoly\Project\_DELETE\Solution\Debug\Main.obj
         Solution.vcxproj -> \\banner.main.ad.rit.edu\students\gmb9280\IGMProfile\Desktop\GitHub\girlmonopoly\Project\_DELETE\Project_d.exe
       PostBuildEvent:
         mkdir “\\banner.main.ad.rit.edu\students\gmb9280\IGMProfile\Desktop\GitHub\girlmonopoly\Project\Binary\”
         copy “\\banner.main.ad.rit.edu\students\gmb9280\IGMProfile\Desktop\GitHub\girlmonopoly\Project\_DELETE\Project_d.exe” “\\banner.main.ad.rit.edu\students\gmb9280\IGMProfile\Desktop\GitHub\girlmonopoly\Project\Binary”
         :VCEnd
         A subdirectory or file \\banner.main.ad.rit.edu\students\gmb9280\IGMProfile\Desktop\GitHub\girlmonopoly\Project\Binary\ already exists.
                 1 file(s) copied.
     1>Done Building Project "\\banner.main.ad.rit.edu\students\gmb9280\IGMProfile\Desktop\GitHub\girlmonopoly\Project\Solution\Solution.vcxproj" (Build target(s)).

Build succeeded.

Time Elapsed 00:00:04.08
